<?xml version="1.0" encoding="UTF-8"?>
<!-- Generated by org.testng.reporters.JUnitXMLReporter -->
<testsuite ignored="0" hostname="DESKTOP-KK1SMTI" failures="0" tests="15" name="mytest2" time="134.189" errors="0" timestamp="2024-07-14T17:55:10 IST">
  <testcase classname="testCases.TC_004_ForgetPasswordTest" name="forgetpassword" time="2.876"/>
  <testcase classname="testCases.TC_005_SearchProductTestDDT" name="searchproduct" time="11.268"/>
  <testcase classname="testCases.TC_005_SearchProductTestDDT" name="searchproduct" time="0.77"/>
  <testcase classname="testCases.TC_005_SearchProductTestDDT" name="searchproduct" time="10.509"/>
  <testcase classname="testCases.TC_005_SearchProductTestDDT" name="searchproduct" time="10.775"/>
  <testcase classname="testCases.TC_005_SearchProductTestDDT" name="searchproduct" time="0.874"/>
  <testcase classname="testCases.TC_006_ProductCompareTest" name="CompareProduct" time="1.547"/>
  <testcase classname="testCases.TC_006_ProductCompareTest" name="CompareProduct" time="1.324"/>
  <testcase classname="testCases.TC_006_ProductCompareTest" name="CompareProduct" time="1.259"/>
  <testcase classname="testCases.TC_007_ProductDisplayPageTest" name="ProductDisplayPage" time="2.88"/>
  <testcase classname="testCases.TC_008_AddtoCartTest1" name="AddtoCartTest1" time="1.518"/>
  <testcase classname="testCases.TC_009_AddtoCartTest2" name="Addtocarttest2" time="2.183"/>
  <testcase classname="testCases.TC_010_AddtoWishListTestDDT" name="addtoWishListTest" time="4.113"/>
  <testcase classname="testCases.TC_010_AddtoWishListTestDDT" name="addtoWishListTest" time="3.832"/>
  <testcase classname="testCases.TC_010_AddtoWishListTestDDT" name="addtoWishListTest" time="4.645"/>
</testsuite> <!-- mytest2 -->
