<?xml version="1.0" encoding="UTF-8"?>
<!-- Generated by org.testng.reporters.JUnitXMLReporter -->
<testsuite ignored="0" hostname="DESKTOP-KK1SMTI" failures="0" tests="2" name="mytest1" time="64.82" errors="0" timestamp="2024-12-09T18:10:54 IST">
  <testcase classname="testCases.TC_001_AccountRegistrationTest" name="test_accountRegistration" time="13.954"/>
  <testcase classname="testCases.TC_016_Validate_EstimateShippingandTaxes_functionality" name="EstimateShippingAndTaxes" time="18.379"/>
</testsuite> <!-- mytest1 -->
