<?xml version="1.0" encoding="UTF-8"?>
<!-- Generated by org.testng.reporters.JUnitXMLReporter -->
<testsuite ignored="0" hostname="DESKTOP-KK1SMTI" failures="0" tests="24" name="mytest1" time="174.057" errors="0" timestamp="2024-07-15T21:56:42 IST">
  <testcase classname="testCases.TC_001_AccountRegistrationTest" name="test_accountRegistration" time="3.237"/>
  <testcase classname="testCases.TC_002_My_Account_Login" name="my_accountlogin" time="2.014"/>
  <testcase classname="testCases.TC_003_LoginDataDrivenTest" name="verifytest" time="2.717"/>
  <testcase classname="testCases.TC_003_LoginDataDrivenTest" name="verifytest" time="1.744"/>
  <testcase classname="testCases.TC_003_LoginDataDrivenTest" name="verifytest" time="2.304"/>
  <testcase classname="testCases.TC_003_LoginDataDrivenTest" name="verifytest" time="11.73"/>
  <testcase classname="testCases.TC_003_LoginDataDrivenTest" name="verifytest" time="1.865"/>
  <testcase classname="testCases.TC_003_LoginDataDrivenTest" name="verifytest" time="11.223"/>
  <testcase classname="testCases.TC_003_LoginDataDrivenTest" name="verifytest" time="11.894"/>
  <testcase classname="testCases.TC_004_ForgetPasswordTest" name="forgetpassword" time="2.905"/>
  <testcase classname="testCases.TC_005_SearchProductTestDDT" name="searchproduct" time="11.233"/>
  <testcase classname="testCases.TC_005_SearchProductTestDDT" name="searchproduct" time="0.866"/>
  <testcase classname="testCases.TC_005_SearchProductTestDDT" name="searchproduct" time="10.54"/>
  <testcase classname="testCases.TC_005_SearchProductTestDDT" name="searchproduct" time="10.797"/>
  <testcase classname="testCases.TC_005_SearchProductTestDDT" name="searchproduct" time="1.445"/>
  <testcase classname="testCases.TC_006_ProductCompareTest" name="CompareProduct" time="1.74"/>
  <testcase classname="testCases.TC_006_ProductCompareTest" name="CompareProduct" time="1.185"/>
  <testcase classname="testCases.TC_006_ProductCompareTest" name="CompareProduct" time="1.498"/>
  <testcase classname="testCases.TC_007_ProductDisplayPageTest" name="ProductDisplayPage" time="3.774"/>
  <testcase classname="testCases.TC_008_AddtoCartTest1" name="AddtoCartTest1" time="1.369"/>
  <testcase classname="testCases.TC_009_AddtoCartTest2" name="Addtocarttest2" time="2.109"/>
  <testcase classname="testCases.TC_010_AddtoWishListTestDDT" name="addtoWishListTest" time="4.24"/>
  <testcase classname="testCases.TC_010_AddtoWishListTestDDT" name="addtoWishListTest" time="4.458"/>
  <testcase classname="testCases.TC_010_AddtoWishListTestDDT" name="addtoWishListTest" time="3.918"/>
</testsuite> <!-- mytest1 -->
