<?xml version="1.0" encoding="UTF-8"?>
<testng-results ignored="0" total="24" passed="24" failed="0" skipped="0">
  <reporter-output>
  </reporter-output>
  <suite started-at="2024-07-14T19:11:45 IST" name="mastersuite" finished-at="2024-07-14T19:14:07 IST" duration-ms="141779">
    <groups>
      <group name="regression">
        <method signature="TC_001_AccountRegistrationTest.test_accountRegistration()[pri:0, instance:testCases.TC_001_AccountRegistrationTest@66fdec9]" name="test_accountRegistration" class="testCases.TC_001_AccountRegistrationTest"/>
        <method signature="TC_003_LoginDataDrivenTest.verifytest(java.lang.String,java.lang.String,java.lang.String)[pri:0, instance:testCases.TC_003_LoginDataDrivenTest@52851b44]" name="verifytest" class="testCases.TC_003_LoginDataDrivenTest"/>
        <method signature="TC_005_SearchProductTestDDT.searchproduct(java.lang.String,java.lang.String)[pri:0, instance:testCases.TC_005_SearchProductTestDDT@5d8bafa9]" name="searchproduct" class="testCases.TC_005_SearchProductTestDDT"/>
        <method signature="TC_006_ProductCompareTest.CompareProduct(java.lang.String,java.lang.String)[pri:0, instance:testCases.TC_006_ProductCompareTest@576f63f6]" name="CompareProduct" class="testCases.TC_006_ProductCompareTest"/>
        <method signature="TC_007_ProductDisplayPageTest.ProductDisplayPage()[pri:0, instance:testCases.TC_007_ProductDisplayPageTest@2dca0d64]" name="ProductDisplayPage" class="testCases.TC_007_ProductDisplayPageTest"/>
        <method signature="TC_008_AddtoCartTest1.AddtoCartTest1()[pri:0, instance:testCases.TC_008_AddtoCartTest1@f80945f]" name="AddtoCartTest1" class="testCases.TC_008_AddtoCartTest1"/>
        <method signature="TC_009_AddtoCartTest2.Addtocarttest2()[pri:0, instance:testCases.TC_009_AddtoCartTest2@ff684e1]" name="Addtocarttest2" class="testCases.TC_009_AddtoCartTest2"/>
      </group> <!-- regression -->
      <group name="smoke">
        <method signature="TC_007_ProductDisplayPageTest.ProductDisplayPage()[pri:0, instance:testCases.TC_007_ProductDisplayPageTest@2dca0d64]" name="ProductDisplayPage" class="testCases.TC_007_ProductDisplayPageTest"/>
        <method signature="TC_010_AddtoWishListTestDDT.addtoWishListTest(java.lang.String,java.lang.String)[pri:0, instance:testCases.TC_010_AddtoWishListTestDDT@23aa363a]" name="addtoWishListTest" class="testCases.TC_010_AddtoWishListTestDDT"/>
      </group> <!-- smoke -->
      <group name="sanity">
        <method signature="TC_002_My_Account_Login.my_accountlogin()[pri:0, instance:testCases.TC_002_My_Account_Login@2a640157]" name="my_accountlogin" class="testCases.TC_002_My_Account_Login"/>
        <method signature="TC_003_LoginDataDrivenTest.verifytest(java.lang.String,java.lang.String,java.lang.String)[pri:0, instance:testCases.TC_003_LoginDataDrivenTest@52851b44]" name="verifytest" class="testCases.TC_003_LoginDataDrivenTest"/>
        <method signature="TC_005_SearchProductTestDDT.searchproduct(java.lang.String,java.lang.String)[pri:0, instance:testCases.TC_005_SearchProductTestDDT@5d8bafa9]" name="searchproduct" class="testCases.TC_005_SearchProductTestDDT"/>
        <method signature="TC_006_ProductCompareTest.CompareProduct(java.lang.String,java.lang.String)[pri:0, instance:testCases.TC_006_ProductCompareTest@576f63f6]" name="CompareProduct" class="testCases.TC_006_ProductCompareTest"/>
        <method signature="TC_007_ProductDisplayPageTest.ProductDisplayPage()[pri:0, instance:testCases.TC_007_ProductDisplayPageTest@2dca0d64]" name="ProductDisplayPage" class="testCases.TC_007_ProductDisplayPageTest"/>
        <method signature="TC_008_AddtoCartTest1.AddtoCartTest1()[pri:0, instance:testCases.TC_008_AddtoCartTest1@f80945f]" name="AddtoCartTest1" class="testCases.TC_008_AddtoCartTest1"/>
        <method signature="TC_009_AddtoCartTest2.Addtocarttest2()[pri:0, instance:testCases.TC_009_AddtoCartTest2@ff684e1]" name="Addtocarttest2" class="testCases.TC_009_AddtoCartTest2"/>
        <method signature="TC_010_AddtoWishListTestDDT.addtoWishListTest(java.lang.String,java.lang.String)[pri:0, instance:testCases.TC_010_AddtoWishListTestDDT@23aa363a]" name="addtoWishListTest" class="testCases.TC_010_AddtoWishListTestDDT"/>
      </group> <!-- sanity -->
      <group name="sanity,master">
        <method signature="TC_004_ForgetPasswordTest.forgetpassword()[pri:0, instance:testCases.TC_004_ForgetPasswordTest@584f54e6]" name="forgetpassword" class="testCases.TC_004_ForgetPasswordTest"/>
      </group> <!-- sanity,master -->
      <group name="Datadriven">
        <method signature="TC_003_LoginDataDrivenTest.verifytest(java.lang.String,java.lang.String,java.lang.String)[pri:0, instance:testCases.TC_003_LoginDataDrivenTest@52851b44]" name="verifytest" class="testCases.TC_003_LoginDataDrivenTest"/>
        <method signature="TC_005_SearchProductTestDDT.searchproduct(java.lang.String,java.lang.String)[pri:0, instance:testCases.TC_005_SearchProductTestDDT@5d8bafa9]" name="searchproduct" class="testCases.TC_005_SearchProductTestDDT"/>
        <method signature="TC_006_ProductCompareTest.CompareProduct(java.lang.String,java.lang.String)[pri:0, instance:testCases.TC_006_ProductCompareTest@576f63f6]" name="CompareProduct" class="testCases.TC_006_ProductCompareTest"/>
        <method signature="TC_010_AddtoWishListTestDDT.addtoWishListTest(java.lang.String,java.lang.String)[pri:0, instance:testCases.TC_010_AddtoWishListTestDDT@23aa363a]" name="addtoWishListTest" class="testCases.TC_010_AddtoWishListTestDDT"/>
      </group> <!-- Datadriven -->
      <group name="master">
        <method signature="TC_001_AccountRegistrationTest.test_accountRegistration()[pri:0, instance:testCases.TC_001_AccountRegistrationTest@66fdec9]" name="test_accountRegistration" class="testCases.TC_001_AccountRegistrationTest"/>
        <method signature="TC_002_My_Account_Login.my_accountlogin()[pri:0, instance:testCases.TC_002_My_Account_Login@2a640157]" name="my_accountlogin" class="testCases.TC_002_My_Account_Login"/>
        <method signature="TC_003_LoginDataDrivenTest.verifytest(java.lang.String,java.lang.String,java.lang.String)[pri:0, instance:testCases.TC_003_LoginDataDrivenTest@52851b44]" name="verifytest" class="testCases.TC_003_LoginDataDrivenTest"/>
        <method signature="TC_005_SearchProductTestDDT.searchproduct(java.lang.String,java.lang.String)[pri:0, instance:testCases.TC_005_SearchProductTestDDT@5d8bafa9]" name="searchproduct" class="testCases.TC_005_SearchProductTestDDT"/>
        <method signature="TC_006_ProductCompareTest.CompareProduct(java.lang.String,java.lang.String)[pri:0, instance:testCases.TC_006_ProductCompareTest@576f63f6]" name="CompareProduct" class="testCases.TC_006_ProductCompareTest"/>
        <method signature="TC_008_AddtoCartTest1.AddtoCartTest1()[pri:0, instance:testCases.TC_008_AddtoCartTest1@f80945f]" name="AddtoCartTest1" class="testCases.TC_008_AddtoCartTest1"/>
        <method signature="TC_009_AddtoCartTest2.Addtocarttest2()[pri:0, instance:testCases.TC_009_AddtoCartTest2@ff684e1]" name="Addtocarttest2" class="testCases.TC_009_AddtoCartTest2"/>
        <method signature="TC_010_AddtoWishListTestDDT.addtoWishListTest(java.lang.String,java.lang.String)[pri:0, instance:testCases.TC_010_AddtoWishListTestDDT@23aa363a]" name="addtoWishListTest" class="testCases.TC_010_AddtoWishListTestDDT"/>
      </group> <!-- master -->
    </groups>
    <test started-at="2024-07-14T19:11:45 IST" name="mytest1" finished-at="2024-07-14T19:14:07 IST" duration-ms="141779">
      <class name="testCases.TC_001_AccountRegistrationTest">
        <test-method is-config="true" signature="setup(java.lang.String,java.lang.String)[pri:0, instance:testCases.TC_001_AccountRegistrationTest@66fdec9]" started-at="2024-07-14T19:11:45 IST" name="setup" finished-at="2024-07-14T19:11:49 IST" duration-ms="3633" status="PASS">
          <params>
            <param index="0">
              <value>
                <![CDATA[chrome]]>
              </value>
            </param>
            <param index="1">
              <value>
                <![CDATA[windows]]>
              </value>
            </param>
          </params>
          <reporter-output>
          </reporter-output>
        </test-method> <!-- setup -->
        <test-method signature="test_accountRegistration()[pri:0, instance:testCases.TC_001_AccountRegistrationTest@66fdec9]" started-at="2024-07-14T19:11:49 IST" name="test_accountRegistration" finished-at="2024-07-14T19:11:52 IST" duration-ms="3064" status="PASS">
          <reporter-output>
          </reporter-output>
        </test-method> <!-- test_accountRegistration -->
        <test-method is-config="true" signature="tearDown()[pri:0, instance:testCases.TC_001_AccountRegistrationTest@66fdec9]" started-at="2024-07-14T19:11:52 IST" name="tearDown" finished-at="2024-07-14T19:11:52 IST" duration-ms="231" status="PASS">
          <reporter-output>
          </reporter-output>
        </test-method> <!-- tearDown -->
      </class> <!-- testCases.TC_001_AccountRegistrationTest -->
      <class name="testCases.TC_006_ProductCompareTest">
        <test-method is-config="true" signature="setup(java.lang.String,java.lang.String)[pri:0, instance:testCases.TC_006_ProductCompareTest@576f63f6]" started-at="2024-07-14T19:13:28 IST" name="setup" finished-at="2024-07-14T19:13:31 IST" duration-ms="3135" status="PASS">
          <params>
            <param index="0">
              <value>
                <![CDATA[chrome]]>
              </value>
            </param>
            <param index="1">
              <value>
                <![CDATA[windows]]>
              </value>
            </param>
          </params>
          <reporter-output>
          </reporter-output>
        </test-method> <!-- setup -->
        <test-method signature="CompareProduct(java.lang.String,java.lang.String)[pri:0, instance:testCases.TC_006_ProductCompareTest@576f63f6]" started-at="2024-07-14T19:13:32 IST" name="CompareProduct" data-provider="compareProducts" finished-at="2024-07-14T19:13:33 IST" duration-ms="1371" status="PASS">
          <params>
            <param index="0">
              <value>
                <![CDATA[iMac]]>
              </value>
            </param>
            <param index="1">
              <value>
                <![CDATA[Valid]]>
              </value>
            </param>
          </params>
          <reporter-output>
          </reporter-output>
        </test-method> <!-- CompareProduct -->
        <test-method signature="CompareProduct(java.lang.String,java.lang.String)[pri:0, instance:testCases.TC_006_ProductCompareTest@576f63f6]" started-at="2024-07-14T19:13:33 IST" name="CompareProduct" data-provider="compareProducts" finished-at="2024-07-14T19:13:34 IST" duration-ms="1156" status="PASS">
          <params>
            <param index="0">
              <value>
                <![CDATA[MacBook]]>
              </value>
            </param>
            <param index="1">
              <value>
                <![CDATA[Valid]]>
              </value>
            </param>
          </params>
          <reporter-output>
          </reporter-output>
        </test-method> <!-- CompareProduct -->
        <test-method signature="CompareProduct(java.lang.String,java.lang.String)[pri:0, instance:testCases.TC_006_ProductCompareTest@576f63f6]" started-at="2024-07-14T19:13:34 IST" name="CompareProduct" data-provider="compareProducts" finished-at="2024-07-14T19:13:35 IST" duration-ms="1017" status="PASS">
          <params>
            <param index="0">
              <value>
                <![CDATA[iPhone]]>
              </value>
            </param>
            <param index="1">
              <value>
                <![CDATA[Valid]]>
              </value>
            </param>
          </params>
          <reporter-output>
          </reporter-output>
        </test-method> <!-- CompareProduct -->
        <test-method is-config="true" signature="tearDown()[pri:0, instance:testCases.TC_006_ProductCompareTest@576f63f6]" started-at="2024-07-14T19:13:35 IST" name="tearDown" finished-at="2024-07-14T19:13:35 IST" duration-ms="188" status="PASS">
          <reporter-output>
          </reporter-output>
        </test-method> <!-- tearDown -->
      </class> <!-- testCases.TC_006_ProductCompareTest -->
      <class name="testCases.TC_002_My_Account_Login">
        <test-method is-config="true" signature="setup(java.lang.String,java.lang.String)[pri:0, instance:testCases.TC_002_My_Account_Login@2a640157]" started-at="2024-07-14T19:11:52 IST" name="setup" finished-at="2024-07-14T19:11:55 IST" duration-ms="2935" status="PASS">
          <params>
            <param index="0">
              <value>
                <![CDATA[chrome]]>
              </value>
            </param>
            <param index="1">
              <value>
                <![CDATA[windows]]>
              </value>
            </param>
          </params>
          <reporter-output>
          </reporter-output>
        </test-method> <!-- setup -->
        <test-method signature="my_accountlogin()[pri:0, instance:testCases.TC_002_My_Account_Login@2a640157]" started-at="2024-07-14T19:11:55 IST" name="my_accountlogin" finished-at="2024-07-14T19:11:57 IST" duration-ms="1957" status="PASS">
          <reporter-output>
          </reporter-output>
        </test-method> <!-- my_accountlogin -->
        <test-method is-config="true" signature="tearDown()[pri:0, instance:testCases.TC_002_My_Account_Login@2a640157]" started-at="2024-07-14T19:11:57 IST" name="tearDown" finished-at="2024-07-14T19:11:57 IST" duration-ms="238" status="PASS">
          <reporter-output>
          </reporter-output>
        </test-method> <!-- tearDown -->
      </class> <!-- testCases.TC_002_My_Account_Login -->
      <class name="testCases.TC_010_AddtoWishListTestDDT">
        <test-method is-config="true" signature="setup(java.lang.String,java.lang.String)[pri:0, instance:testCases.TC_010_AddtoWishListTestDDT@23aa363a]" started-at="2024-07-14T19:13:51 IST" name="setup" finished-at="2024-07-14T19:13:54 IST" duration-ms="3063" status="PASS">
          <params>
            <param index="0">
              <value>
                <![CDATA[chrome]]>
              </value>
            </param>
            <param index="1">
              <value>
                <![CDATA[windows]]>
              </value>
            </param>
          </params>
          <reporter-output>
          </reporter-output>
        </test-method> <!-- setup -->
        <test-method signature="addtoWishListTest(java.lang.String,java.lang.String)[pri:0, instance:testCases.TC_010_AddtoWishListTestDDT@23aa363a]" started-at="2024-07-14T19:13:54 IST" name="addtoWishListTest" data-provider="WishList" finished-at="2024-07-14T19:13:58 IST" duration-ms="3969" status="PASS">
          <params>
            <param index="0">
              <value>
                <![CDATA[iMac]]>
              </value>
            </param>
            <param index="1">
              <value>
                <![CDATA[Valid]]>
              </value>
            </param>
          </params>
          <reporter-output>
          </reporter-output>
        </test-method> <!-- addtoWishListTest -->
        <test-method signature="addtoWishListTest(java.lang.String,java.lang.String)[pri:0, instance:testCases.TC_010_AddtoWishListTestDDT@23aa363a]" started-at="2024-07-14T19:13:58 IST" name="addtoWishListTest" data-provider="WishList" finished-at="2024-07-14T19:14:02 IST" duration-ms="3904" status="PASS">
          <params>
            <param index="0">
              <value>
                <![CDATA[Iphone]]>
              </value>
            </param>
            <param index="1">
              <value>
                <![CDATA[Valid]]>
              </value>
            </param>
          </params>
          <reporter-output>
          </reporter-output>
        </test-method> <!-- addtoWishListTest -->
        <test-method signature="addtoWishListTest(java.lang.String,java.lang.String)[pri:0, instance:testCases.TC_010_AddtoWishListTestDDT@23aa363a]" started-at="2024-07-14T19:14:02 IST" name="addtoWishListTest" data-provider="WishList" finished-at="2024-07-14T19:14:06 IST" duration-ms="4117" status="PASS">
          <params>
            <param index="0">
              <value>
                <![CDATA[Samsung SyncMaster 941BW]]>
              </value>
            </param>
            <param index="1">
              <value>
                <![CDATA[Valid]]>
              </value>
            </param>
          </params>
          <reporter-output>
          </reporter-output>
        </test-method> <!-- addtoWishListTest -->
        <test-method is-config="true" signature="tearDown()[pri:0, instance:testCases.TC_010_AddtoWishListTestDDT@23aa363a]" started-at="2024-07-14T19:14:06 IST" name="tearDown" finished-at="2024-07-14T19:14:07 IST" duration-ms="216" status="PASS">
          <reporter-output>
          </reporter-output>
        </test-method> <!-- tearDown -->
      </class> <!-- testCases.TC_010_AddtoWishListTestDDT -->
      <class name="testCases.TC_005_SearchProductTestDDT">
        <test-method is-config="true" signature="setup(java.lang.String,java.lang.String)[pri:0, instance:testCases.TC_005_SearchProductTestDDT@5d8bafa9]" started-at="2024-07-14T19:12:50 IST" name="setup" finished-at="2024-07-14T19:12:53 IST" duration-ms="3111" status="PASS">
          <params>
            <param index="0">
              <value>
                <![CDATA[chrome]]>
              </value>
            </param>
            <param index="1">
              <value>
                <![CDATA[windows]]>
              </value>
            </param>
          </params>
          <reporter-output>
          </reporter-output>
        </test-method> <!-- setup -->
        <test-method signature="searchproduct(java.lang.String,java.lang.String)[pri:0, instance:testCases.TC_005_SearchProductTestDDT@5d8bafa9]" started-at="2024-07-14T19:12:54 IST" name="searchproduct" data-provider="Searchproduct" finished-at="2024-07-14T19:13:05 IST" duration-ms="10683" status="PASS">
          <params>
            <param index="0">
              <value>
                <![CDATA[mac]]>
              </value>
            </param>
            <param index="1">
              <value>
                <![CDATA[Valid]]>
              </value>
            </param>
          </params>
          <reporter-output>
          </reporter-output>
        </test-method> <!-- searchproduct -->
        <test-method signature="searchproduct(java.lang.String,java.lang.String)[pri:0, instance:testCases.TC_005_SearchProductTestDDT@5d8bafa9]" started-at="2024-07-14T19:13:05 IST" name="searchproduct" data-provider="Searchproduct" finished-at="2024-07-14T19:13:06 IST" duration-ms="588" status="PASS">
          <params>
            <param index="0">
              <value>
                <![CDATA[dell]]>
              </value>
            </param>
            <param index="1">
              <value>
                <![CDATA[Invalid]]>
              </value>
            </param>
          </params>
          <reporter-output>
          </reporter-output>
        </test-method> <!-- searchproduct -->
        <test-method signature="searchproduct(java.lang.String,java.lang.String)[pri:0, instance:testCases.TC_005_SearchProductTestDDT@5d8bafa9]" started-at="2024-07-14T19:13:06 IST" name="searchproduct" data-provider="Searchproduct" finished-at="2024-07-14T19:13:16 IST" duration-ms="10716" status="PASS">
          <params>
            <param index="0">
              <value>
                <![CDATA[MacBook]]>
              </value>
            </param>
            <param index="1">
              <value>
                <![CDATA[Valid]]>
              </value>
            </param>
          </params>
          <reporter-output>
          </reporter-output>
        </test-method> <!-- searchproduct -->
        <test-method signature="searchproduct(java.lang.String,java.lang.String)[pri:0, instance:testCases.TC_005_SearchProductTestDDT@5d8bafa9]" started-at="2024-07-14T19:13:16 IST" name="searchproduct" data-provider="Searchproduct" finished-at="2024-07-14T19:13:27 IST" duration-ms="10710" status="PASS">
          <params>
            <param index="0">
              <value>
                <![CDATA[samsung]]>
              </value>
            </param>
            <param index="1">
              <value>
                <![CDATA[Valid]]>
              </value>
            </param>
          </params>
          <reporter-output>
          </reporter-output>
        </test-method> <!-- searchproduct -->
        <test-method signature="searchproduct(java.lang.String,java.lang.String)[pri:0, instance:testCases.TC_005_SearchProductTestDDT@5d8bafa9]" started-at="2024-07-14T19:13:27 IST" name="searchproduct" data-provider="Searchproduct" finished-at="2024-07-14T19:13:28 IST" duration-ms="758" status="PASS">
          <params>
            <param index="0">
              <value>
                <![CDATA[abcd]]>
              </value>
            </param>
            <param index="1">
              <value>
                <![CDATA[Invalid]]>
              </value>
            </param>
          </params>
          <reporter-output>
          </reporter-output>
        </test-method> <!-- searchproduct -->
        <test-method is-config="true" signature="tearDown()[pri:0, instance:testCases.TC_005_SearchProductTestDDT@5d8bafa9]" started-at="2024-07-14T19:13:28 IST" name="tearDown" finished-at="2024-07-14T19:13:28 IST" duration-ms="252" status="PASS">
          <reporter-output>
          </reporter-output>
        </test-method> <!-- tearDown -->
      </class> <!-- testCases.TC_005_SearchProductTestDDT -->
      <class name="testCases.TC_009_AddtoCartTest2">
        <test-method is-config="true" signature="setup(java.lang.String,java.lang.String)[pri:0, instance:testCases.TC_009_AddtoCartTest2@ff684e1]" started-at="2024-07-14T19:13:46 IST" name="setup" finished-at="2024-07-14T19:13:49 IST" duration-ms="3006" status="PASS">
          <params>
            <param index="0">
              <value>
                <![CDATA[chrome]]>
              </value>
            </param>
            <param index="1">
              <value>
                <![CDATA[windows]]>
              </value>
            </param>
          </params>
          <reporter-output>
          </reporter-output>
        </test-method> <!-- setup -->
        <test-method signature="Addtocarttest2()[pri:0, instance:testCases.TC_009_AddtoCartTest2@ff684e1]" started-at="2024-07-14T19:13:49 IST" name="Addtocarttest2" finished-at="2024-07-14T19:13:50 IST" duration-ms="1505" status="PASS">
          <reporter-output>
          </reporter-output>
        </test-method> <!-- Addtocarttest2 -->
        <test-method is-config="true" signature="tearDown()[pri:0, instance:testCases.TC_009_AddtoCartTest2@ff684e1]" started-at="2024-07-14T19:13:50 IST" name="tearDown" finished-at="2024-07-14T19:13:51 IST" duration-ms="408" status="PASS">
          <reporter-output>
          </reporter-output>
        </test-method> <!-- tearDown -->
      </class> <!-- testCases.TC_009_AddtoCartTest2 -->
      <class name="testCases.TC_007_ProductDisplayPageTest">
        <test-method is-config="true" signature="setup(java.lang.String,java.lang.String)[pri:0, instance:testCases.TC_007_ProductDisplayPageTest@2dca0d64]" started-at="2024-07-14T19:13:35 IST" name="setup" finished-at="2024-07-14T19:13:39 IST" duration-ms="3307" status="PASS">
          <params>
            <param index="0">
              <value>
                <![CDATA[chrome]]>
              </value>
            </param>
            <param index="1">
              <value>
                <![CDATA[windows]]>
              </value>
            </param>
          </params>
          <reporter-output>
          </reporter-output>
        </test-method> <!-- setup -->
        <test-method signature="ProductDisplayPage()[pri:0, instance:testCases.TC_007_ProductDisplayPageTest@2dca0d64]" started-at="2024-07-14T19:13:39 IST" name="ProductDisplayPage" finished-at="2024-07-14T19:13:41 IST" duration-ms="2452" status="PASS">
          <reporter-output>
          </reporter-output>
        </test-method> <!-- ProductDisplayPage -->
        <test-method is-config="true" signature="tearDown()[pri:0, instance:testCases.TC_007_ProductDisplayPageTest@2dca0d64]" started-at="2024-07-14T19:13:41 IST" name="tearDown" finished-at="2024-07-14T19:13:41 IST" duration-ms="188" status="PASS">
          <reporter-output>
          </reporter-output>
        </test-method> <!-- tearDown -->
      </class> <!-- testCases.TC_007_ProductDisplayPageTest -->
      <class name="testCases.TC_004_ForgetPasswordTest">
        <test-method is-config="true" signature="setup(java.lang.String,java.lang.String)[pri:0, instance:testCases.TC_004_ForgetPasswordTest@584f54e6]" started-at="2024-07-14T19:12:44 IST" name="setup" finished-at="2024-07-14T19:12:47 IST" duration-ms="3016" status="PASS">
          <params>
            <param index="0">
              <value>
                <![CDATA[chrome]]>
              </value>
            </param>
            <param index="1">
              <value>
                <![CDATA[windows]]>
              </value>
            </param>
          </params>
          <reporter-output>
          </reporter-output>
        </test-method> <!-- setup -->
        <test-method signature="forgetpassword()[pri:0, instance:testCases.TC_004_ForgetPasswordTest@584f54e6]" started-at="2024-07-14T19:12:47 IST" name="forgetpassword" finished-at="2024-07-14T19:12:50 IST" duration-ms="2495" status="PASS">
          <reporter-output>
          </reporter-output>
        </test-method> <!-- forgetpassword -->
        <test-method is-config="true" signature="tearDown()[pri:0, instance:testCases.TC_004_ForgetPasswordTest@584f54e6]" started-at="2024-07-14T19:12:50 IST" name="tearDown" finished-at="2024-07-14T19:12:50 IST" duration-ms="231" status="PASS">
          <reporter-output>
          </reporter-output>
        </test-method> <!-- tearDown -->
      </class> <!-- testCases.TC_004_ForgetPasswordTest -->
      <class name="testCases.TC_008_AddtoCartTest1">
        <test-method is-config="true" signature="setup(java.lang.String,java.lang.String)[pri:0, instance:testCases.TC_008_AddtoCartTest1@f80945f]" started-at="2024-07-14T19:13:41 IST" name="setup" finished-at="2024-07-14T19:13:45 IST" duration-ms="3174" status="PASS">
          <params>
            <param index="0">
              <value>
                <![CDATA[chrome]]>
              </value>
            </param>
            <param index="1">
              <value>
                <![CDATA[windows]]>
              </value>
            </param>
          </params>
          <reporter-output>
          </reporter-output>
        </test-method> <!-- setup -->
        <test-method signature="AddtoCartTest1()[pri:0, instance:testCases.TC_008_AddtoCartTest1@f80945f]" started-at="2024-07-14T19:13:45 IST" name="AddtoCartTest1" finished-at="2024-07-14T19:13:46 IST" duration-ms="1168" status="PASS">
          <reporter-output>
          </reporter-output>
        </test-method> <!-- AddtoCartTest1 -->
        <test-method is-config="true" signature="tearDown()[pri:0, instance:testCases.TC_008_AddtoCartTest1@f80945f]" started-at="2024-07-14T19:13:46 IST" name="tearDown" finished-at="2024-07-14T19:13:46 IST" duration-ms="265" status="PASS">
          <reporter-output>
          </reporter-output>
        </test-method> <!-- tearDown -->
      </class> <!-- testCases.TC_008_AddtoCartTest1 -->
      <class name="testCases.TC_003_LoginDataDrivenTest">
        <test-method is-config="true" signature="setup(java.lang.String,java.lang.String)[pri:0, instance:testCases.TC_003_LoginDataDrivenTest@52851b44]" started-at="2024-07-14T19:11:57 IST" name="setup" finished-at="2024-07-14T19:12:00 IST" duration-ms="2887" status="PASS">
          <params>
            <param index="0">
              <value>
                <![CDATA[chrome]]>
              </value>
            </param>
            <param index="1">
              <value>
                <![CDATA[windows]]>
              </value>
            </param>
          </params>
          <reporter-output>
          </reporter-output>
        </test-method> <!-- setup -->
        <test-method signature="verifytest(java.lang.String,java.lang.String,java.lang.String)[pri:0, instance:testCases.TC_003_LoginDataDrivenTest@52851b44]" started-at="2024-07-14T19:12:03 IST" name="verifytest" data-provider="LoginData" finished-at="2024-07-14T19:12:05 IST" duration-ms="2154" status="PASS">
          <params>
            <param index="0">
              <value>
                <![CDATA[pavanoltraining@gmail.com]]>
              </value>
            </param>
            <param index="1">
              <value>
                <![CDATA[test@123]]>
              </value>
            </param>
            <param index="2">
              <value>
                <![CDATA[Valid]]>
              </value>
            </param>
          </params>
          <reporter-output>
          </reporter-output>
        </test-method> <!-- verifytest -->
        <test-method signature="verifytest(java.lang.String,java.lang.String,java.lang.String)[pri:0, instance:testCases.TC_003_LoginDataDrivenTest@52851b44]" started-at="2024-07-14T19:12:05 IST" name="verifytest" data-provider="LoginData" finished-at="2024-07-14T19:12:07 IST" duration-ms="1912" status="PASS">
          <params>
            <param index="0">
              <value>
                <![CDATA[lakshmi@yahoo.com]]>
              </value>
            </param>
            <param index="1">
              <value>
                <![CDATA[Laxmi]]>
              </value>
            </param>
            <param index="2">
              <value>
                <![CDATA[Valid]]>
              </value>
            </param>
          </params>
          <reporter-output>
          </reporter-output>
        </test-method> <!-- verifytest -->
        <test-method signature="verifytest(java.lang.String,java.lang.String,java.lang.String)[pri:0, instance:testCases.TC_003_LoginDataDrivenTest@52851b44]" started-at="2024-07-14T19:12:07 IST" name="verifytest" data-provider="LoginData" finished-at="2024-07-14T19:12:09 IST" duration-ms="1771" status="PASS">
          <params>
            <param index="0">
              <value>
                <![CDATA[laksh@yahoo.com]]>
              </value>
            </param>
            <param index="1">
              <value>
                <![CDATA[Lakshmi]]>
              </value>
            </param>
            <param index="2">
              <value>
                <![CDATA[Valid]]>
              </value>
            </param>
          </params>
          <reporter-output>
          </reporter-output>
        </test-method> <!-- verifytest -->
        <test-method signature="verifytest(java.lang.String,java.lang.String,java.lang.String)[pri:0, instance:testCases.TC_003_LoginDataDrivenTest@52851b44]" started-at="2024-07-14T19:12:09 IST" name="verifytest" data-provider="LoginData" finished-at="2024-07-14T19:12:20 IST" duration-ms="11283" status="PASS">
          <params>
            <param index="0">
              <value>
                <![CDATA[laks@yahoo.com]]>
              </value>
            </param>
            <param index="1">
              <value>
                <![CDATA[xyz]]>
              </value>
            </param>
            <param index="2">
              <value>
                <![CDATA[Invalid]]>
              </value>
            </param>
          </params>
          <reporter-output>
          </reporter-output>
        </test-method> <!-- verifytest -->
        <test-method signature="verifytest(java.lang.String,java.lang.String,java.lang.String)[pri:0, instance:testCases.TC_003_LoginDataDrivenTest@52851b44]" started-at="2024-07-14T19:12:20 IST" name="verifytest" data-provider="LoginData" finished-at="2024-07-14T19:12:22 IST" duration-ms="1736" status="PASS">
          <params>
            <param index="0">
              <value>
                <![CDATA[abc123@gmail.com]]>
              </value>
            </param>
            <param index="1">
              <value>
                <![CDATA[test@123]]>
              </value>
            </param>
            <param index="2">
              <value>
                <![CDATA[Valid]]>
              </value>
            </param>
          </params>
          <reporter-output>
          </reporter-output>
        </test-method> <!-- verifytest -->
        <test-method signature="verifytest(java.lang.String,java.lang.String,java.lang.String)[pri:0, instance:testCases.TC_003_LoginDataDrivenTest@52851b44]" started-at="2024-07-14T19:12:22 IST" name="verifytest" data-provider="LoginData" finished-at="2024-07-14T19:12:33 IST" duration-ms="11243" status="PASS">
          <params>
            <param index="0">
              <value>
                <![CDATA[]]>
              </value>
            </param>
            <param index="1">
              <value>
                <![CDATA[]]>
              </value>
            </param>
            <param index="2">
              <value>
                <![CDATA[]]>
              </value>
            </param>
          </params>
          <reporter-output>
          </reporter-output>
        </test-method> <!-- verifytest -->
        <test-method signature="verifytest(java.lang.String,java.lang.String,java.lang.String)[pri:0, instance:testCases.TC_003_LoginDataDrivenTest@52851b44]" started-at="2024-07-14T19:12:33 IST" name="verifytest" data-provider="LoginData" finished-at="2024-07-14T19:12:44 IST" duration-ms="11231" status="PASS">
          <params>
            <param index="0">
              <value>
                <![CDATA[]]>
              </value>
            </param>
            <param index="1">
              <value>
                <![CDATA[]]>
              </value>
            </param>
            <param index="2">
              <value>
                <![CDATA[]]>
              </value>
            </param>
          </params>
          <reporter-output>
          </reporter-output>
        </test-method> <!-- verifytest -->
        <test-method is-config="true" signature="tearDown()[pri:0, instance:testCases.TC_003_LoginDataDrivenTest@52851b44]" started-at="2024-07-14T19:12:44 IST" name="tearDown" finished-at="2024-07-14T19:12:44 IST" duration-ms="270" status="PASS">
          <reporter-output>
          </reporter-output>
        </test-method> <!-- tearDown -->
      </class> <!-- testCases.TC_003_LoginDataDrivenTest -->
    </test> <!-- mytest1 -->
  </suite> <!-- mastersuite -->
</testng-results>
