<?xml version="1.0" encoding="UTF-8"?>
<!-- Generated by org.testng.reporters.JUnitXMLReporter -->
<testsuite ignored="0" hostname="DESKTOP-KK1SMTI" failures="0" tests="2" name="Linux-Firefox" time="205.805" errors="0" timestamp="2024-07-07T23:18:26 IST">
  <testcase classname="testCases.TC_001_AccountRegistrationTest" name="test_accountRegistration" time="0.0">
    <skipped/>
  </testcase> <!-- test_accountRegistration -->
  <testcase classname="testCases.TC_002_My_Account_Login" name="my_accountlogin" time="0.0">
    <skipped/>
  </testcase> <!-- my_accountlogin -->
</testsuite> <!-- Linux-Firefox -->
